# JRE version: OpenJDK Runtime Environment (15.0.2+7) (build 15.0.2+7-27)
# Java VM: OpenJDK 64-Bit Server VM (15.0.2+7-27, mixed mode, tiered, compressed oops, g1 gc, windows-amd64)
GC Precious Log:
 CPUs: 4 total, 4 available
 Memory: 8056M
 Large Page Support: Disabled
 NUMA Support: Disabled
 Compressed Oops: Enabled (32-bit)
 Heap Region Size: 1M
 Heap Min Capacity: 8M
 Heap Initial Capacity: 126M
 Heap Max Capacity: 2016M
 Pre-touch: Disabled
 Parallel Workers: 4
 Concurrent Workers: 1
 Concurrent Refinement Workers: 4
 Periodic GC: Disabled
Heap:
 garbage-first heap   total 129024K, used 43248K [0x0000000082000000, 0x0000000100000000)
  region size 1024K, 7 young (7168K), 7 survivors (7168K)
 Metaspace       used 83382K, capacity 84078K, committed 84224K, reserved 1122304K
  class space    used 10926K, capacity 11174K, committed 11264K, reserved 1048576K
GC Heap History (20 events):
Event: 5.221 GC heap after
{Heap after GC invocations=13 (full 0):
 garbage-first heap   total 78848K, used 24968K [0x0000000082000000, 0x0000000100000000)
  region size 1024K, 4 young (4096K), 4 survivors (4096K)
 Metaspace       used 45203K, capacity 45705K, committed 45824K, reserved 1089536K
  class space    used 5682K, capacity 5819K, committed 5888K, reserved 1048576K
}
Event: 5.463 GC heap before
{Heap before GC invocations=14 (full 0):
 garbage-first heap   total 78848K, used 59784K [0x0000000082000000, 0x0000000100000000)
  region size 1024K, 39 young (39936K), 4 survivors (4096K)
 Metaspace       used 46605K, capacity 47160K, committed 47232K, reserved 1091584K
  class space    used 5833K, capacity 5984K, committed 6016K, reserved 1048576K
}
Event: 5.472 GC heap after
{Heap after GC invocations=15 (full 0):
 garbage-first heap   total 78848K, used 26341K [0x0000000082000000, 0x0000000100000000)
  region size 1024K, 3 young (3072K), 3 survivors (3072K)
 Metaspace       used 46605K, capacity 47160K, committed 47232K, reserved 1091584K
  class space    used 5833K, capacity 5984K, committed 6016K, reserved 1048576K
}
Event: 5.551 GC heap before
{Heap before GC invocations=15 (full 0):
 garbage-first heap   total 78848K, used 61157K [0x0000000082000000, 0x0000000100000000)
  region size 1024K, 38 young (38912K), 3 survivors (3072K)
 Metaspace       used 47055K, capacity 47576K, committed 47744K, reserved 1091584K
  class space    used 5874K, capacity 6016K, committed 6016K, reserved 1048576K
}
Event: 5.557 GC heap after
{Heap after GC invocations=16 (full 0):
 garbage-first heap   total 95232K, used 26386K [0x0000000082000000, 0x0000000100000000)
  region size 1024K, 3 young (3072K), 3 survivors (3072K)
 Metaspace       used 47055K, capacity 47576K, committed 47744K, reserved 1091584K
  class space    used 5874K, capacity 6016K, committed 6016K, reserved 1048576K
}
Event: 5.883 GC heap before
{Heap before GC invocations=16 (full 0):
 garbage-first heap   total 95232K, used 74514K [0x0000000082000000, 0x0000000100000000)
  region size 1024K, 51 young (52224K), 3 survivors (3072K)
 Metaspace       used 47565K, capacity 48065K, committed 48128K, reserved 1091584K
  class space    used 5951K, capacity 6114K, committed 6144K, reserved 1048576K
}
Event: 5.890 GC heap after
{Heap after GC invocations=17 (full 0):
 garbage-first heap   total 95232K, used 26990K [0x0000000082000000, 0x0000000100000000)
  region size 1024K, 4 young (4096K), 4 survivors (4096K)
 Metaspace       used 47565K, capacity 48065K, committed 48128K, reserved 1091584K
  class space    used 5951K, capacity 6114K, committed 6144K, reserved 1048576K
}
Event: 7.210 GC heap before
{Heap before GC invocations=17 (full 0):
 garbage-first heap   total 95232K, used 76142K [0x0000000082000000, 0x0000000100000000)
  region size 1024K, 52 young (53248K), 4 survivors (4096K)
 Metaspace       used 58243K, capacity 58870K, committed 59008K, reserved 1101824K
  class space    used 7341K, capacity 7535K, committed 7552K, reserved 1048576K
}
Event: 7.223 GC heap after
{Heap after GC invocations=18 (full 0):
 garbage-first heap   total 95232K, used 30121K [0x0000000082000000, 0x0000000100000000)
  region size 1024K, 7 young (7168K), 7 survivors (7168K)
 Metaspace       used 58243K, capacity 58870K, committed 59008K, reserved 1101824K
  class space    used 7341K, capacity 7535K, committed 7552K, reserved 1048576K
}
Event: 8.556 GC heap before
{Heap before GC invocations=18 (full 0):
 garbage-first heap   total 95232K, used 74153K [0x0000000082000000, 0x0000000100000000)
  region size 1024K, 51 young (52224K), 7 survivors (7168K)
 Metaspace       used 68646K, capacity 69280K, committed 69376K, reserved 1110016K
  class space    used 8920K, capacity 9144K, committed 9216K, reserved 1048576K
}
Event: 8.570 GC heap after
{Heap after GC invocations=19 (full 0):
 garbage-first heap   total 95232K, used 32804K [0x0000000082000000, 0x0000000100000000)
  region size 1024K, 6 young (6144K), 6 survivors (6144K)
 Metaspace       used 68646K, capacity 69280K, committed 69376K, reserved 1110016K
  class space    used 8920K, capacity 9144K, committed 9216K, reserved 1048576K
}
Event: 9.168 GC heap before
{Heap before GC invocations=19 (full 0):
 garbage-first heap   total 95232K, used 75812K [0x0000000082000000, 0x0000000100000000)
  region size 1024K, 48 young (49152K), 6 survivors (6144K)
 Metaspace       used 71678K, capacity 72231K, committed 72576K, reserved 1112064K
  class space    used 9299K, capacity 9506K, committed 9600K, reserved 1048576K
}
Event: 9.180 GC heap after
{Heap after GC invocations=20 (full 0):
 garbage-first heap   total 114688K, used 34116K [0x0000000082000000, 0x0000000100000000)
  region size 1024K, 4 young (4096K), 4 survivors (4096K)
 Metaspace       used 71678K, capacity 72231K, committed 72576K, reserved 1112064K
  class space    used 9299K, capacity 9506K, committed 9600K, reserved 1048576K
}
Event: 10.049 GC heap before
{Heap before GC invocations=20 (full 0):
 garbage-first heap   total 114688K, used 82244K [0x0000000082000000, 0x0000000100000000)
  region size 1024K, 52 young (53248K), 4 survivors (4096K)
 Metaspace       used 76072K, capacity 76692K, committed 76800K, reserved 1116160K
  class space    used 9945K, capacity 10158K, committed 10240K, reserved 1048576K
}
Event: 10.061 GC heap after
{Heap after GC invocations=21 (full 0):
 garbage-first heap   total 114688K, used 37014K [0x0000000082000000, 0x0000000100000000)
  region size 1024K, 7 young (7168K), 7 survivors (7168K)
 Metaspace       used 76072K, capacity 76692K, committed 76800K, reserved 1116160K
  class space    used 9945K, capacity 10158K, committed 10240K, reserved 1048576K
}
Event: 10.706 GC heap before
{Heap before GC invocations=22 (full 0):
 garbage-first heap   total 114688K, used 92310K [0x0000000082000000, 0x0000000100000000)
  region size 1024K, 61 young (62464K), 7 survivors (7168K)
 Metaspace       used 78346K, capacity 79003K, committed 79232K, reserved 1118208K
  class space    used 10291K, capacity 10518K, committed 10624K, reserved 1048576K
}
Event: 10.721 GC heap after
{Heap after GC invocations=23 (full 0):
 garbage-first heap   total 114688K, used 39588K [0x0000000082000000, 0x0000000100000000)
  region size 1024K, 6 young (6144K), 6 survivors (6144K)
 Metaspace       used 78346K, capacity 79003K, committed 79232K, reserved 1118208K
  class space    used 10291K, capacity 10518K, committed 10624K, reserved 1048576K
}
Event: 11.271 GC heap before
{Heap before GC invocations=24 (full 0):
 garbage-first heap   total 114688K, used 91812K [0x0000000082000000, 0x0000000100000000)
  region size 1024K, 57 young (58368K), 6 survivors (6144K)
 Metaspace       used 79442K, capacity 80186K, committed 80384K, reserved 1118208K
  class space    used 10415K, capacity 10678K, committed 10752K, reserved 1048576K
}
Event: 11.283 GC heap after
{Heap after GC invocations=25 (full 0):
 garbage-first heap   total 114688K, used 40499K [0x0000000082000000, 0x0000000100000000)
  region size 1024K, 4 young (4096K), 4 survivors (4096K)
 Metaspace       used 79442K, capacity 80186K, committed 80384K, reserved 1118208K
  class space    used 10415K, capacity 10678K, committed 10752K, reserved 1048576K
}
Event: 12.043 GC heap before
{Heap before GC invocations=25 (full 0):
 garbage-first heap   total 114688K, used 92723K [0x0000000082000000, 0x0000000100000000)
  region size 1024K, 55 young (56320K), 4 survivors (4096K)
 Metaspace       used 83382K, capacity 84078K, committed 84224K, reserved 1122304K
  class space    used 10926K, capacity 11174K, committed 11264K, reserved 1048576K
}

